<?xml version="1.0" encoding="UTF-8"?>
<!-- Generated by org.testng.reporters.JUnitXMLReporter -->
<testsuite hostname="AUCTS-067517" ignored="0" name="Test" tests="2" failures="2" timestamp="27 Sep 2017 14:08:12 GMT" time="0.415" errors="0">
  <testcase name="testGet" time="0.286" classname="rest.test.RestTest">
    <failure type="java.lang.ExceptionInInitializerError">
      <![CDATA[java.lang.ExceptionInInitializerError
	at com.sun.jersey.core.spi.factory.MessageBodyFactory.initReaders(MessageBodyFactory.java:182)
	at com.sun.jersey.core.spi.factory.MessageBodyFactory.initReaders(MessageBodyFactory.java:176)
	at com.sun.jersey.core.spi.factory.MessageBodyFactory.init(MessageBodyFactory.java:162)
	at com.sun.jersey.api.client.Client.init(Client.java:342)
	at com.sun.jersey.api.client.Client.access$000(Client.java:118)
	at com.sun.jersey.api.client.Client$1.f(Client.java:191)
	at com.sun.jersey.api.client.Client$1.f(Client.java:187)
	at com.sun.jersey.spi.inject.Errors.processWithErrors(Errors.java:193)
	at com.sun.jersey.api.client.Client.<init>(Client.java:187)
	at com.sun.jersey.api.client.Client.<init>(Client.java:159)
	at com.sun.jersey.api.client.Client.create(Client.java:669)
	at test.utilities.RestUtil.get(RestUtil.java:39)
	at rest.test.RestTest.testGet(RestTest.java:32)
Caused by: java.lang.RuntimeException: java.lang.ClassNotFoundException: org.glassfish.jersey.internal.RuntimeDelegateImpl
	at javax.ws.rs.ext.RuntimeDelegate.findDelegate(RuntimeDelegate.java:152)
	at javax.ws.rs.ext.RuntimeDelegate.getInstance(RuntimeDelegate.java:120)
	at javax.ws.rs.core.MediaType.valueOf(MediaType.java:179)
	at com.sun.jersey.core.header.MediaTypes.<clinit>(MediaTypes.java:64)
	... 38 more
Caused by: java.lang.ClassNotFoundException: org.glassfish.jersey.internal.RuntimeDelegateImpl
	at java.net.URLClassLoader.findClass(Unknown Source)
	at java.lang.ClassLoader.loadClass(Unknown Source)
	at sun.misc.Launcher$AppClassLoader.loadClass(Unknown Source)
	at java.lang.ClassLoader.loadClass(Unknown Source)
	at java.lang.Class.forName0(Native Method)
	at java.lang.Class.forName(Unknown Source)
	at javax.ws.rs.ext.FactoryFinder.newInstance(FactoryFinder.java:114)
	at javax.ws.rs.ext.FactoryFinder.find(FactoryFinder.java:207)
	at javax.ws.rs.ext.RuntimeDelegate.findDelegate(RuntimeDelegate.java:135)
	... 41 more
... Removed 25 stack frames]]>
    </failure>
  </testcase> <!-- testGet -->
  <testcase name="testPost" time="0.073" classname="rest.test.RestTest">
    <failure type="java.lang.NoClassDefFoundError" message="Could not initialize class com.sun.jersey.core.header.MediaTypes">
      <![CDATA[java.lang.NoClassDefFoundError: Could not initialize class com.sun.jersey.core.header.MediaTypes
	at com.sun.jersey.core.spi.factory.MessageBodyFactory.initReaders(MessageBodyFactory.java:182)
	at com.sun.jersey.core.spi.factory.MessageBodyFactory.initReaders(MessageBodyFactory.java:176)
	at com.sun.jersey.core.spi.factory.MessageBodyFactory.init(MessageBodyFactory.java:162)
	at com.sun.jersey.api.client.Client.init(Client.java:342)
	at com.sun.jersey.api.client.Client.access$000(Client.java:118)
	at com.sun.jersey.api.client.Client$1.f(Client.java:191)
	at com.sun.jersey.api.client.Client$1.f(Client.java:187)
	at com.sun.jersey.spi.inject.Errors.processWithErrors(Errors.java:193)
	at com.sun.jersey.api.client.Client.<init>(Client.java:187)
	at com.sun.jersey.api.client.Client.<init>(Client.java:159)
	at com.sun.jersey.api.client.Client.create(Client.java:669)
	at test.utilities.RestUtil.post(RestUtil.java:69)
	at rest.test.RestTest.testPost(RestTest.java:58)
... Removed 25 stack frames]]>
    </failure>
  </testcase> <!-- testPost -->
</testsuite> <!-- Test -->
